File number		0
Filename		hcpcomet.ss
Mass			6.894371e-19
Bulk radius		6.531914e-09
Bulk density		1.050088e+06
Position		+1.336917e-08	+4.471556e-26	+0.000000e+00
Velocity		-6.714849e-04	+2.341469e-24	+2.829275e-24
Spin			-2.313214e-15	+7.041322e-13	-2.390085e-13
Major axis		-0.002604	+0.999997	-0.000000
Inter axis		+0.999997	+0.002604	-0.000000
Minor axis		+0.000000	+0.000000	+1.000000
Color			3
Aggregate ID		-1

File number		1
Filename		hcpcomet.ss
Mass			6.894371e-19
Bulk radius		6.531914e-09
Bulk density		1.044435e+06
Position		-1.336917e-08	+4.471556e-26	+0.000000e+00
Velocity		+6.714849e-04	+2.341469e-24	+2.829275e-24
Spin			-2.313214e-15	+7.056005e-13	-2.390085e-13
Major axis		+0.999878	-0.015619	-0.000000
Inter axis		+0.015619	+0.999878	-0.000000
Minor axis		+0.000000	+0.000000	+1.000000
Color			6
Aggregate ID		-1

